<?xml version="1.0" encoding="UTF-8"?>
<!-- Generated by org.testng.reporters.JUnitReportReporter -->
<testsuite hostname="DESKTOP-RBLI1AE" failures="0" tests="1" name="com.btc.testscripts.BtcHomeTest" time="12.652" errors="0" timestamp="2023-07-22T15:21:32 IST" skipped="0">
  <testcase classname="com.btc.testscripts.BtcHomeTest" name="verifySkipButtonOnDashboard" time="12.652"/>
  <system-out/>
</testsuite> <!-- com.btc.testscripts.BtcHomeTest -->
