<?xml version="1.0" encoding="UTF-8"?>
<!-- Generated by org.testng.reporters.JUnitReportReporter -->
<testsuite hostname="DESKTOP-RBLI1AE" failures="0" tests="3" name="com.btc.testscripts.BtcForgotPasswordTest" time="24.356" errors="0" timestamp="2023-07-21T12:49:48 IST" skipped="0">
  <testcase classname="com.btc.testscripts.BtcForgotPasswordTest" name="verifyYourForgotPassword" time="9.093"/>
  <system-out>
You are in forgot password page  </system-out>
  <testcase classname="com.btc.testscripts.BtcForgotPasswordTest" name="verifyInValidEmailAddress" time="8.224"/>
  <system-out>
Email Sent Successfully  </system-out>
  <testcase classname="com.btc.testscripts.BtcForgotPasswordTest" name="verifyBackButtonInForgotPassowrdPage" time="7.039"/>
  <system-out>
Back To Login Page  </system-out>
</testsuite> <!-- com.btc.testscripts.BtcForgotPasswordTest -->
