<?xml version="1.0" encoding="UTF-8"?>
<!-- Generated by org.testng.reporters.JUnitReportReporter -->
<testsuite hostname="DESKTOP-RBLI1AE" failures="0" tests="5" name="com.btc.testscripts.BtcLoginTest" time="58.343" errors="0" timestamp="2023-07-20T15:57:48 IST" skipped="0">
  <testcase classname="com.btc.testscripts.BtcLoginTest" name="verifyWithValidData" time="9.831"/>
  <system-out>
Login Successfull  </system-out>
  <testcase classname="com.btc.testscripts.BtcLoginTest" name="verifyWithBlankEmail" time="8.245"/>
  <system-out>
Failed to login  </system-out>
  <testcase classname="com.btc.testscripts.BtcLoginTest" name="verifyblankPassword" time="11.665"/>
  <system-out>
Failed  </system-out>
  <testcase classname="com.btc.testscripts.BtcLoginTest" name="verifyInvalidPassword" time="15.569"/>
  <system-out>
Failed1  </system-out>
  <testcase classname="com.btc.testscripts.BtcLoginTest" name="verifyInvalidEmail" time="13.033"/>
  <system-out>
Failed2  </system-out>
</testsuite> <!-- com.btc.testscripts.BtcLoginTest -->
