<?xml version="1.0" encoding="UTF-8"?>
<!-- Generated by org.testng.reporters.JUnitReportReporter -->
<testsuite hostname="DESKTOP-RBLI1AE" failures="0" tests="1" name="com.btc.testscripts.BtcProfileTest" time="22.975" errors="0" timestamp="2023-07-22T17:49:31 IST" skipped="0">
  <testcase classname="com.btc.testscripts.BtcProfileTest" name="verifyValidEditInfo" time="22.975"/>
  <system-out>
You Are In Profile Page You are In Profile Edit Info Page  </system-out>
</testsuite> <!-- com.btc.testscripts.BtcProfileTest -->
