<?xml version="1.0" encoding="UTF-8"?>
<!-- Generated by org.testng.reporters.JUnitReportReporter -->
<testsuite hostname="DESKTOP-RBLI1AE" failures="0" tests="1" name="com.btc.testscripts.BtcProductTest" time="42.877" errors="0" timestamp="2023-09-30T09:36:50 IST" skipped="0">
  <testcase classname="com.btc.testscripts.BtcProductTest" name="enterAddNewProduct" time="42.877"/>
  <system-out>
Login Successfull You are now on product index page You are on add product page  </system-out>
</testsuite> <!-- com.btc.testscripts.BtcProductTest -->
